[debug] [2023-01-19T13:35:20.582Z] ----------------------------------------------------------------------
[debug] [2023-01-19T13:35:20.583Z] Command:       C:\Program Files\nodejs\node.exe C:\Users\HP\AppData\Roaming\npm\node_modules\firebase-tools\lib\bin\firebase.js init
[debug] [2023-01-19T13:35:20.584Z] CLI Version:   11.20.0
[debug] [2023-01-19T13:35:20.584Z] Platform:      win32
[debug] [2023-01-19T13:35:20.584Z] Node Version:  v18.13.0
[debug] [2023-01-19T13:35:20.585Z] Time:          Thu Jan 19 2023 15:35:20 GMT+0200 (Eastern European Standard Time)
[debug] [2023-01-19T13:35:20.585Z] ----------------------------------------------------------------------
[debug] 
[debug] [2023-01-19T13:35:20.656Z] > command requires scopes: ["email","openid","https://www.googleapis.com/auth/cloudplatformprojects.readonly","https://www.googleapis.com/auth/firebase","https://www.googleapis.com/auth/cloud-platform"]
[debug] [2023-01-19T13:35:20.657Z] > authorizing via signed-in user (ywsfyasr68@gmail.com)
[info] 
     ######## #### ########  ######## ########     ###     ######  ########
     ##        ##  ##     ## ##       ##     ##  ##   ##  ##       ##
     ######    ##  ########  ######   ########  #########  ######  ######
     ##        ##  ##    ##  ##       ##     ## ##     ##       ## ##
     ##       #### ##     ## ######## ########  ##     ##  ######  ########

You're about to initialize a Firebase project in this directory:

  C:\Users\HP\OneDrive\Desktop\database final

Before we get started, keep in mind:

  * You are initializing within an existing Firebase project directory

[info] 
=== Project Setup
[info] 
[info] First, let's associate this project directory with a Firebase project.
[info] You can create multiple project aliases by running firebase use --add, 
[info] but for now we'll just set up a default project.
[info] 
[debug] [2023-01-19T13:35:34.210Z] Using project from CLI flag: esp32-firebase-demo-6bf2b
[debug] [2023-01-19T13:35:34.264Z] > refreshing access token with scopes: []
[debug] [2023-01-19T13:35:34.268Z] >>> [apiv2][query] POST https://www.googleapis.com/oauth2/v3/token [none]
[debug] [2023-01-19T13:35:34.268Z] >>> [apiv2][body] POST https://www.googleapis.com/oauth2/v3/token [omitted]
[debug] [2023-01-19T13:35:35.575Z] <<< [apiv2][status] POST https://www.googleapis.com/oauth2/v3/token 200
[debug] [2023-01-19T13:35:35.575Z] <<< [apiv2][body] POST https://www.googleapis.com/oauth2/v3/token [omitted]
[debug] [2023-01-19T13:35:35.615Z] >>> [apiv2][query] GET https://firebase.googleapis.com/v1beta1/projects/esp32-firebase-demo-6bf2b [none]
[debug] [2023-01-19T13:35:35.999Z] <<< [apiv2][status] GET https://firebase.googleapis.com/v1beta1/projects/esp32-firebase-demo-6bf2b 200
[debug] [2023-01-19T13:35:36.000Z] <<< [apiv2][body] GET https://firebase.googleapis.com/v1beta1/projects/esp32-firebase-demo-6bf2b {"projectId":"esp32-firebase-demo-6bf2b","projectNumber":"884272122288","displayName":"ESP32 Firebase Demo","name":"projects/esp32-firebase-demo-6bf2b","resources":{"hostingSite":"esp32-firebase-demo-6bf2b","realtimeDatabaseInstance":"esp32-firebase-demo-6bf2b-default-rtdb"},"state":"ACTIVE","etag":"1_0b975706-a664-45e7-98c4-7356a3e88f5a"}
[info] i  Using project esp32-firebase-demo-6bf2b (ESP32 Firebase Demo) 
[info] 
=== Hosting Setup
[info] 
[info] Your public directory is the folder (relative to your project directory) that
[info] will contain Hosting assets to be uploaded with firebase deploy. If you
[info] have a build process for your assets, use your build's output directory.
[info] 
[debug] [2023-01-19T13:37:01.873Z] >>> [apiv2][query] GET https://www.gstatic.com/firebasejs/releases.json [none]
[debug] [2023-01-19T13:37:02.083Z] <<< [apiv2][status] GET https://www.gstatic.com/firebasejs/releases.json 200
[debug] [2023-01-19T13:37:02.083Z] <<< [apiv2][body] GET https://www.gstatic.com/firebasejs/releases.json {"current":{"version":"9.15.0","browserURL":"https://www.gstatic.com/firebasejs/9.15.0/firebase.js","packageURL":"https://www.gstatic.com/firebasejs/9.15.0/firebase.tgz"},"live":{"version":"9.15","browserURL":"https://www.gstatic.com/firebasejs/live/9.15/firebase.js","packageURL":"https://www.gstatic.com/firebasejs/live/9.15/firebase.tgz"},"components":{"analytics":"https://www.gstatic.com/firebasejs/9.15.0/firebase-analytics.js","app":"https://www.gstatic.com/firebasejs/9.15.0/firebase-app.js","app-check":"https://www.gstatic.com/firebasejs/9.15.0/firebase-app-check.js","auth":"https://www.gstatic.com/firebasejs/9.15.0/firebase-auth.js","auth/cordova":"https://www.gstatic.com/firebasejs/9.15.0/firebase-auth/cordova.js","auth/react-native":"https://www.gstatic.com/firebasejs/9.15.0/firebase-auth/react-native.js","functions":"https://www.gstatic.com/firebasejs/9.15.0/firebase-functions.js","firestore":"https://www.gstatic.com/firebasejs/9.15.0/firebase-firestore.js","firestore/lite":"https://www.gstatic.com/firebasejs/9.15.0/firebase-firestore/lite.js","installations":"https://www.gstatic.com/firebasejs/9.15.0/firebase-installations.js","storage":"https://www.gstatic.com/firebasejs/9.15.0/firebase-storage.js","performance":"https://www.gstatic.com/firebasejs/9.15.0/firebase-performance.js","remote-config":"https://www.gstatic.com/firebasejs/9.15.0/firebase-remote-config.js","messaging":"https://www.gstatic.com/firebasejs/9.15.0/firebase-messaging.js","messaging/sw":"https://www.gstatic.com/firebasejs/9.15.0/firebase-messaging/sw.js","database":"https://www.gstatic.com/firebasejs/9.15.0/firebase-database.js","firestore.memory":"https://www.gstatic.com/firebasejs/9.15.0/firebase-firestore.memory.js"}}
[info] i  Skipping write of public/index.html 
[info] 
[info] i  Didn't detect a .git folder. Assuming C:\Users\HP\OneDrive\Desktop\database final is the project root. 
[info] i  Authorizing with GitHub to upload your service account to a GitHub repository's secrets store. 
[info] 
[info] Visit this URL on this device to log in:
[info] https://github.com/login/oauth/authorize?client_id=89cf50f02ac6aaed3484&state=127852837&redirect_uri=http%3A%2F%2Flocalhost%3A9005&scope=read%3Auser%20repo%20public_repo
[info] 
[info] Waiting for authentication...
